<?xml version="1.0" encoding="UTF-8" standalone="no"?>
<testsuite errors="0" failures="2" name="io.cucumber.core.plugin.JUnitFormatter" skipped="0" tests="3" time="16.902">
    <testcase classname="feature to test google search functionality" name="Validate google search is working" time="0.142">
        <failure message="The scenario has pending or undefined step(s)" type="java.lang.Exception">
            <![CDATA[Given browser open..........................................................undefined
And user is on google search page...........................................skipped
When user enters a text in search box.......................................skipped
And hits enter..............................................................skipped
Then user is navigated to search results....................................skipped
]]>
        </failure>
    </testcase>
    <testcase classname="Test Login functionality" name="check login is sucessful with valid credentials" time="16.057">
        <system-out>
            <![CDATA[Given browser is open.......................................................passed
And user is on login page...................................................passed
When user enters valid usename and password.................................passed
And user clicks on login....................................................passed
Then user is navigated to home page.........................................passed
]]>
        </system-out>
    </testcase>
    <testcase classname="feature to test login functionality" name="Check login is sucessful with valid credentials" time="0.018">
        <failure message="" type="java.lang.NullPointerException">
            <![CDATA[Given user is on login page.................................................failed
When user enters username and password......................................skipped
And click on login button...................................................skipped
Then user is navigated to home page.........................................skipped

StackTrace:
java.lang.NullPointerException
	at StepDefinitions.LoginDemoSteps.user_is_on_login_page(LoginDemoSteps.java:26)
	at âœ½.user is on login page(file:///C:/Users/Suraj%20chavan/eclipse-workspace/GotuCucumber1/src/test/resources/Features/login.feature:9)
]]>
        </failure>
    </testcase>
</testsuite>
